2019-12-21 13:26:40.695  INFO zup-14 --- [           main] c.e.l.Log4j2DemoApplication              : Starting Log4j2DemoApplication on zup-14 with PID 22956 (/home/zupper/Documents/Metsys/log4j2-demo/target/classes started by zupper in /home/zupper/Documents/Metsys/log4j2-demo)
2019-12-21 13:26:40.702 DEBUG zup-14 --- [           main] c.e.l.Log4j2DemoApplication              : Running with Spring Boot v2.2.2.RELEASE, Spring v5.2.2.RELEASE
2019-12-21 13:26:40.703  INFO zup-14 --- [           main] c.e.l.Log4j2DemoApplication              : No active profile set, falling back to default profiles: default
2019-12-21 13:26:41.670  INFO zup-14 --- [           main] o.s.b.w.e.t.TomcatWebServer              : Tomcat initialized with port(s): 8080 (http)
2019-12-21 13:26:41.688  INFO zup-14 --- [           main] o.a.c.h.Http11NioProtocol                : Initializing ProtocolHandler ["http-nio-8080"]
2019-12-21 13:26:41.689  INFO zup-14 --- [           main] o.a.c.c.StandardService                  : Starting service [Tomcat]
2019-12-21 13:26:41.689  INFO zup-14 --- [           main] o.a.c.c.StandardEngine                   : Starting Servlet engine: [Apache Tomcat/9.0.29]
2019-12-21 13:26:41.755  INFO zup-14 --- [           main] o.a.c.c.C.[.[.[/]                        : Initializing Spring embedded WebApplicationContext
2019-12-21 13:26:41.755  INFO zup-14 --- [           main] o.s.w.c.ContextLoader                    : Root WebApplicationContext: initialization completed in 912 ms
2019-12-21 13:26:41.940  INFO zup-14 --- [           main] o.s.s.c.ThreadPoolTaskExecutor           : Initializing ExecutorService 'applicationTaskExecutor'
2019-12-21 13:26:42.126  INFO zup-14 --- [           main] o.a.c.h.Http11NioProtocol                : Starting ProtocolHandler ["http-nio-8080"]
2019-12-21 13:26:42.141  INFO zup-14 --- [           main] o.s.b.w.e.t.TomcatWebServer              : Tomcat started on port(s): 8080 (http) with context path ''
2019-12-21 13:26:42.144  INFO zup-14 --- [           main] c.e.l.Log4j2DemoApplication              : Started Log4j2DemoApplication in 1.752 seconds (JVM running for 2.459)
2019-12-21 13:26:42.147 DEBUG zup-14 --- [           main] c.e.l.Log4j2DemoApplication              : Debugging log
2019-12-21 13:26:42.147  INFO zup-14 --- [           main] c.e.l.Log4j2DemoApplication              : Info log
2019-12-21 13:26:42.147  WARN zup-14 --- [           main] c.e.l.Log4j2DemoApplication              : Hey, This is a warning!
2019-12-21 13:26:42.147 ERROR zup-14 --- [           main] c.e.l.Log4j2DemoApplication              : Oops! We have an Error. OK
2019-12-21 13:26:42.147 FATAL zup-14 --- [           main] c.e.l.Log4j2DemoApplication              : Damn! Fatal error. Please fix me.
2019-12-21 13:28:54.611  INFO zup-14 --- [extShutdownHook] o.s.s.c.ThreadPoolTaskExecutor           : Shutting down ExecutorService 'applicationTaskExecutor'
${LOG_PATTERN}${LOG_PATTERN}${LOG_PATTERN}${LOG_PATTERN}${LOG_PATTERN}${LOG_PATTERN}${LOG_PATTERN}${LOG_PATTERN}${LOG_PATTERN}${LOG_PATTERN}${LOG_PATTERN}${LOG_PATTERN}${LOG_PATTERN}${LOG_PATTERN}${LOG_PATTERN}${LOG_PATTERN}${LOG_PATTERN}${LOG_PATTERN}${LOG_PATTERN}2019-12-21 14:05:34.694  INFO zup-14 --- [           main] c.e.l.Log4j2DemoApplication              : Starting Log4j2DemoApplication on zup-14 with PID 27073 (/home/zupper/Documents/Metsys/log4j2-demo/target/classes started by zupper in /home/zupper/Documents/Metsys/log4j2-demo)
2019-12-21 14:05:34.801 DEBUG zup-14 --- [           main] c.e.l.Log4j2DemoApplication              : Running with Spring Boot v2.2.2.RELEASE, Spring v5.2.2.RELEASE
2019-12-21 14:05:34.803  INFO zup-14 --- [           main] c.e.l.Log4j2DemoApplication              : No active profile set, falling back to default profiles: default
2019-12-21 14:05:35.785  INFO zup-14 --- [           main] o.s.b.w.e.t.TomcatWebServer              : Tomcat initialized with port(s): 8080 (http)
2019-12-21 14:05:35.808  INFO zup-14 --- [           main] o.a.c.h.Http11NioProtocol                : Initializing ProtocolHandler ["http-nio-8080"]
2019-12-21 14:05:35.809  INFO zup-14 --- [           main] o.a.c.c.StandardService                  : Starting service [Tomcat]
2019-12-21 14:05:35.810  INFO zup-14 --- [           main] o.a.c.c.StandardEngine                   : Starting Servlet engine: [Apache Tomcat/9.0.29]
2019-12-21 14:05:35.945  INFO zup-14 --- [           main] o.a.c.c.C.[.[.[/]                        : Initializing Spring embedded WebApplicationContext
2019-12-21 14:05:35.945  INFO zup-14 --- [           main] o.s.w.c.ContextLoader                    : Root WebApplicationContext: initialization completed in 1085 ms
2019-12-21 14:05:36.170  INFO zup-14 --- [           main] o.s.s.c.ThreadPoolTaskExecutor           : Initializing ExecutorService 'applicationTaskExecutor'
2019-12-21 14:05:36.420  INFO zup-14 --- [           main] o.a.c.h.Http11NioProtocol                : Starting ProtocolHandler ["http-nio-8080"]
2019-12-21 14:05:36.443  INFO zup-14 --- [           main] o.s.b.w.e.t.TomcatWebServer              : Tomcat started on port(s): 8080 (http) with context path ''
2019-12-21 14:05:36.447  INFO zup-14 --- [           main] c.e.l.Log4j2DemoApplication              : Started Log4j2DemoApplication in 2.135 seconds (JVM running for 2.923)
2019-12-21 14:05:36.448 DEBUG zup-14 --- [           main] c.e.l.Log4j2DemoApplication              : Debugging log
2019-12-21 14:05:36.448  INFO zup-14 --- [           main] c.e.l.Log4j2DemoApplication              : Info log
2019-12-21 14:05:36.448  WARN zup-14 --- [           main] c.e.l.Log4j2DemoApplication              : Hey, This is a warning!
2019-12-21 14:05:36.448 ERROR zup-14 --- [           main] c.e.l.Log4j2DemoApplication              : Oops! We have an Error. OK
2019-12-21 14:05:36.448 FATAL zup-14 --- [           main] c.e.l.Log4j2DemoApplication              : Damn! Fatal error. Please fix me.
2019-12-21 14:24:16.666  INFO zup-14 --- [extShutdownHook] o.s.s.c.ThreadPoolTaskExecutor           : Shutting down ExecutorService 'applicationTaskExecutor'
2019-12-21 14:24:19.340  INFO zup-14 --- [           main] c.e.l.Log4j2DemoApplication              : Starting Log4j2DemoApplication on zup-14 with PID 28929 (/home/zupper/Documents/Metsys/log4j2-demo/target/classes started by zupper in /home/zupper/Documents/Metsys/log4j2-demo)
2019-12-21 14:24:19.348 DEBUG zup-14 --- [           main] c.e.l.Log4j2DemoApplication              : Running with Spring Boot v2.2.2.RELEASE, Spring v5.2.2.RELEASE
2019-12-21 14:24:19.350  INFO zup-14 --- [           main] c.e.l.Log4j2DemoApplication              : No active profile set, falling back to default profiles: default
2019-12-21 14:24:20.304  INFO zup-14 --- [           main] o.s.b.w.e.t.TomcatWebServer              : Tomcat initialized with port(s): 8080 (http)
2019-12-21 14:24:20.320  INFO zup-14 --- [           main] o.a.c.h.Http11NioProtocol                : Initializing ProtocolHandler ["http-nio-8080"]
2019-12-21 14:24:20.321  INFO zup-14 --- [           main] o.a.c.c.StandardService                  : Starting service [Tomcat]
2019-12-21 14:24:20.321  INFO zup-14 --- [           main] o.a.c.c.StandardEngine                   : Starting Servlet engine: [Apache Tomcat/9.0.29]
2019-12-21 14:24:20.383  INFO zup-14 --- [           main] o.a.c.c.C.[.[.[/]                        : Initializing Spring embedded WebApplicationContext
2019-12-21 14:24:20.384  INFO zup-14 --- [           main] o.s.w.c.ContextLoader                    : Root WebApplicationContext: initialization completed in 981 ms
2019-12-21 14:24:20.554  INFO zup-14 --- [           main] o.s.s.c.ThreadPoolTaskExecutor           : Initializing ExecutorService 'applicationTaskExecutor'
2019-12-21 14:24:20.785  INFO zup-14 --- [           main] o.a.c.h.Http11NioProtocol                : Starting ProtocolHandler ["http-nio-8080"]
2019-12-21 14:24:20.810  INFO zup-14 --- [           main] o.s.b.w.e.t.TomcatWebServer              : Tomcat started on port(s): 8080 (http) with context path ''
2019-12-21 14:24:20.813  INFO zup-14 --- [           main] c.e.l.Log4j2DemoApplication              : Started Log4j2DemoApplication in 1.986 seconds (JVM running for 2.832)
2019-12-21 14:24:20.814 DEBUG zup-14 --- [           main] c.e.l.Log4j2DemoApplication              : Debugging log
2019-12-21 14:24:20.814  INFO zup-14 --- [           main] c.e.l.Log4j2DemoApplication              : Info log
2019-12-21 14:24:20.814  WARN zup-14 --- [           main] c.e.l.Log4j2DemoApplication              : Hey, This is a warning!
2019-12-21 14:24:20.814 ERROR zup-14 --- [           main] c.e.l.Log4j2DemoApplication              : Oops! We have an Error. OK
2019-12-21 14:24:20.814 FATAL zup-14 --- [           main] c.e.l.Log4j2DemoApplication              : Damn! Fatal error. Please fix me.
2019-12-21 14:25:09.397  INFO zup-14 --- [extShutdownHook] o.s.s.c.ThreadPoolTaskExecutor           : Shutting down ExecutorService 'applicationTaskExecutor'
2019-12-21 14:25:11.824  INFO zup-14 --- [           main] c.e.l.Log4j2DemoApplication              : Starting Log4j2DemoApplication on zup-14 with PID 29100 (/home/zupper/Documents/Metsys/log4j2-demo/target/classes started by zupper in /home/zupper/Documents/Metsys/log4j2-demo)
2019-12-21 14:25:11.931 DEBUG zup-14 --- [           main] c.e.l.Log4j2DemoApplication              : Running with Spring Boot v2.2.2.RELEASE, Spring v5.2.2.RELEASE
2019-12-21 14:25:11.933  INFO zup-14 --- [           main] c.e.l.Log4j2DemoApplication              : No active profile set, falling back to default profiles: default
2019-12-21 14:25:12.806  INFO zup-14 --- [           main] o.s.b.w.e.t.TomcatWebServer              : Tomcat initialized with port(s): 8080 (http)
2019-12-21 14:25:12.824  INFO zup-14 --- [           main] o.a.c.h.Http11NioProtocol                : Initializing ProtocolHandler ["http-nio-8080"]
2019-12-21 14:25:12.825  INFO zup-14 --- [           main] o.a.c.c.StandardService                  : Starting service [Tomcat]
2019-12-21 14:25:12.826  INFO zup-14 --- [           main] o.a.c.c.StandardEngine                   : Starting Servlet engine: [Apache Tomcat/9.0.29]
2019-12-21 14:25:12.893  INFO zup-14 --- [           main] o.a.c.c.C.[.[.[/]                        : Initializing Spring embedded WebApplicationContext
2019-12-21 14:25:12.894  INFO zup-14 --- [           main] o.s.w.c.ContextLoader                    : Root WebApplicationContext: initialization completed in 917 ms
2019-12-21 14:25:13.063  INFO zup-14 --- [           main] o.s.s.c.ThreadPoolTaskExecutor           : Initializing ExecutorService 'applicationTaskExecutor'
2019-12-21 14:25:13.290  INFO zup-14 --- [           main] o.a.c.h.Http11NioProtocol                : Starting ProtocolHandler ["http-nio-8080"]
2019-12-21 14:25:13.318  INFO zup-14 --- [           main] o.s.b.w.e.t.TomcatWebServer              : Tomcat started on port(s): 8080 (http) with context path ''
2019-12-21 14:25:13.322  INFO zup-14 --- [           main] c.e.l.Log4j2DemoApplication              : Started Log4j2DemoApplication in 1.834 seconds (JVM running for 2.621)
2019-12-21 14:25:13.323 DEBUG zup-14 --- [           main] c.e.l.Log4j2DemoApplication              : Debugging log
2019-12-21 14:25:13.323  INFO zup-14 --- [           main] c.e.l.Log4j2DemoApplication              : Info log
2019-12-21 14:25:13.323  WARN zup-14 --- [           main] c.e.l.Log4j2DemoApplication              : Hey, This is a warning!
2019-12-21 14:25:13.323 ERROR zup-14 --- [           main] c.e.l.Log4j2DemoApplication              : Oops! We have an Error. OK
2019-12-21 14:25:13.323 FATAL zup-14 --- [           main] c.e.l.Log4j2DemoApplication              : Damn! Fatal error. Please fix me.
2019-12-21 14:36:51.190  INFO zup-14 --- [extShutdownHook] o.s.s.c.ThreadPoolTaskExecutor           : Shutting down ExecutorService 'applicationTaskExecutor'
2019-12-21 14:36:57.238  INFO zup-14 --- [           main] c.e.l.Log4j2DemoApplication              : Starting Log4j2DemoApplication on zup-14 with PID 30570 (/home/zupper/Documents/Metsys/log4j2-demo/target/classes started by zupper in /home/zupper/Documents/Metsys/log4j2-demo)
2019-12-21 14:36:57.245 DEBUG zup-14 --- [           main] c.e.l.Log4j2DemoApplication              : Running with Spring Boot v2.2.2.RELEASE, Spring v5.2.2.RELEASE
2019-12-21 14:36:57.247  INFO zup-14 --- [           main] c.e.l.Log4j2DemoApplication              : No active profile set, falling back to default profiles: default
2019-12-21 14:36:58.127  INFO zup-14 --- [           main] o.s.b.w.e.t.TomcatWebServer              : Tomcat initialized with port(s): 8080 (http)
2019-12-21 14:36:58.142  INFO zup-14 --- [           main] o.a.c.h.Http11NioProtocol                : Initializing ProtocolHandler ["http-nio-8080"]
2019-12-21 14:36:58.142  INFO zup-14 --- [           main] o.a.c.c.StandardService                  : Starting service [Tomcat]
2019-12-21 14:36:58.143  INFO zup-14 --- [           main] o.a.c.c.StandardEngine                   : Starting Servlet engine: [Apache Tomcat/9.0.29]
2019-12-21 14:36:58.203  INFO zup-14 --- [           main] o.a.c.c.C.[.[.[/]                        : Initializing Spring embedded WebApplicationContext
2019-12-21 14:36:58.203  INFO zup-14 --- [           main] o.s.w.c.ContextLoader                    : Root WebApplicationContext: initialization completed in 902 ms
2019-12-21 14:36:58.354  INFO zup-14 --- [           main] o.s.s.c.ThreadPoolTaskExecutor           : Initializing ExecutorService 'applicationTaskExecutor'
2019-12-21 14:36:58.570  INFO zup-14 --- [           main] o.a.c.h.Http11NioProtocol                : Starting ProtocolHandler ["http-nio-8080"]
2019-12-21 14:36:58.589  INFO zup-14 --- [           main] o.s.b.w.e.t.TomcatWebServer              : Tomcat started on port(s): 8080 (http) with context path ''
2019-12-21 14:36:58.592  INFO zup-14 --- [           main] c.e.l.Log4j2DemoApplication              : Started Log4j2DemoApplication in 1.787 seconds (JVM running for 2.506)
2019-12-21 14:37:29.326  INFO zup-14 --- [extShutdownHook] o.s.s.c.ThreadPoolTaskExecutor           : Shutting down ExecutorService 'applicationTaskExecutor'
2019-12-21 14:37:33.643  INFO zup-14 --- [           main] c.e.l.Log4j2DemoApplication              : Starting Log4j2DemoApplication on zup-14 with PID 30724 (/home/zupper/Documents/Metsys/log4j2-demo/target/classes started by zupper in /home/zupper/Documents/Metsys/log4j2-demo)
2019-12-21 14:37:33.651 DEBUG zup-14 --- [           main] c.e.l.Log4j2DemoApplication              : Running with Spring Boot v2.2.2.RELEASE, Spring v5.2.2.RELEASE
2019-12-21 14:37:33.654  INFO zup-14 --- [           main] c.e.l.Log4j2DemoApplication              : No active profile set, falling back to default profiles: default
2019-12-21 14:37:34.578  INFO zup-14 --- [           main] o.s.b.w.e.t.TomcatWebServer              : Tomcat initialized with port(s): 8080 (http)
2019-12-21 14:37:34.602  INFO zup-14 --- [           main] o.a.c.h.Http11NioProtocol                : Initializing ProtocolHandler ["http-nio-8080"]
2019-12-21 14:37:34.604  INFO zup-14 --- [           main] o.a.c.c.StandardService                  : Starting service [Tomcat]
2019-12-21 14:37:34.604  INFO zup-14 --- [           main] o.a.c.c.StandardEngine                   : Starting Servlet engine: [Apache Tomcat/9.0.29]
2019-12-21 14:37:34.692  INFO zup-14 --- [           main] o.a.c.c.C.[.[.[/]                        : Initializing Spring embedded WebApplicationContext
2019-12-21 14:37:34.693  INFO zup-14 --- [           main] o.s.w.c.ContextLoader                    : Root WebApplicationContext: initialization completed in 974 ms
2019-12-21 14:37:34.928  INFO zup-14 --- [           main] o.s.s.c.ThreadPoolTaskExecutor           : Initializing ExecutorService 'applicationTaskExecutor'
2019-12-21 14:37:35.154  INFO zup-14 --- [           main] o.a.c.h.Http11NioProtocol                : Starting ProtocolHandler ["http-nio-8080"]
2019-12-21 14:37:35.173  INFO zup-14 --- [           main] o.s.b.w.e.t.TomcatWebServer              : Tomcat started on port(s): 8080 (http) with context path ''
2019-12-21 14:37:35.176  INFO zup-14 --- [           main] c.e.l.Log4j2DemoApplication              : Started Log4j2DemoApplication in 1.967 seconds (JVM running for 2.669)
2019-12-21 14:37:35.180  INFO zup-14 --- [           main] c.e.l.CompareValue                       : [CompareValue] - Começando a comparar os valores 1, 2
2019-12-21 14:37:35.180  WARN zup-14 --- [           main] c.e.l.CompareValue                       : [CompareValue] - Valores são diferentes
2019-12-21 14:39:04.572  INFO zup-14 --- [extShutdownHook] o.s.s.c.ThreadPoolTaskExecutor           : Shutting down ExecutorService 'applicationTaskExecutor'
2019-12-21 14:39:07.737  INFO zup-14 --- [           main] c.e.l.Log4j2DemoApplication              : Starting Log4j2DemoApplication on zup-14 with PID 30983 (/home/zupper/Documents/Metsys/log4j2-demo/target/classes started by zupper in /home/zupper/Documents/Metsys/log4j2-demo)
2019-12-21 14:39:07.751 DEBUG zup-14 --- [           main] c.e.l.Log4j2DemoApplication              : Running with Spring Boot v2.2.2.RELEASE, Spring v5.2.2.RELEASE
2019-12-21 14:39:07.752  INFO zup-14 --- [           main] c.e.l.Log4j2DemoApplication              : No active profile set, falling back to default profiles: default
2019-12-21 14:39:08.731  INFO zup-14 --- [           main] o.s.b.w.e.t.TomcatWebServer              : Tomcat initialized with port(s): 8080 (http)
2019-12-21 14:39:08.749  INFO zup-14 --- [           main] o.a.c.h.Http11NioProtocol                : Initializing ProtocolHandler ["http-nio-8080"]
2019-12-21 14:39:08.749  INFO zup-14 --- [           main] o.a.c.c.StandardService                  : Starting service [Tomcat]
2019-12-21 14:39:08.750  INFO zup-14 --- [           main] o.a.c.c.StandardEngine                   : Starting Servlet engine: [Apache Tomcat/9.0.29]
2019-12-21 14:39:08.807  INFO zup-14 --- [           main] o.a.c.c.C.[.[.[/]                        : Initializing Spring embedded WebApplicationContext
2019-12-21 14:39:08.807  INFO zup-14 --- [           main] o.s.w.c.ContextLoader                    : Root WebApplicationContext: initialization completed in 1009 ms
2019-12-21 14:39:08.937  INFO zup-14 --- [           main] o.s.s.c.ThreadPoolTaskExecutor           : Initializing ExecutorService 'applicationTaskExecutor'
2019-12-21 14:39:09.230  INFO zup-14 --- [           main] o.a.c.h.Http11NioProtocol                : Starting ProtocolHandler ["http-nio-8080"]
2019-12-21 14:39:09.258  INFO zup-14 --- [           main] o.s.b.w.e.t.TomcatWebServer              : Tomcat started on port(s): 8080 (http) with context path ''
2019-12-21 14:39:09.262  INFO zup-14 --- [           main] c.e.l.Log4j2DemoApplication              : Started Log4j2DemoApplication in 1.975 seconds (JVM running for 2.704)
2019-12-21 14:39:09.263  INFO zup-14 --- [           main] c.e.l.CompareValue                       : [CompareValue] - Começando a comparar os valores ${valueA}, ${valueB}
2019-12-21 14:39:09.263  WARN zup-14 --- [           main] c.e.l.CompareValue                       : [CompareValue] - Valores são diferentes
2019-12-21 14:55:50.336  INFO zup-14 --- [extShutdownHook] o.s.s.c.ThreadPoolTaskExecutor           : Shutting down ExecutorService 'applicationTaskExecutor'
2019-12-21 15:08:38.600  INFO zup-14 --- [           main] c.e.l.Log4j2DemoApplication              : Starting Log4j2DemoApplication on zup-14 with PID 11254 (/home/zupper/Documents/Metsys/log4j2-demo/target/classes started by zupper in /home/zupper/Documents/Metsys/log4j2-demo)
2019-12-21 15:08:38.613 DEBUG zup-14 --- [           main] c.e.l.Log4j2DemoApplication              : Running with Spring Boot v2.2.2.RELEASE, Spring v5.2.2.RELEASE
2019-12-21 15:08:38.614  INFO zup-14 --- [           main] c.e.l.Log4j2DemoApplication              : No active profile set, falling back to default profiles: default
2019-12-21 15:08:39.873  INFO zup-14 --- [           main] o.s.b.w.e.t.TomcatWebServer              : Tomcat initialized with port(s): 8080 (http)
2019-12-21 15:08:39.896  INFO zup-14 --- [           main] o.a.c.h.Http11NioProtocol                : Initializing ProtocolHandler ["http-nio-8080"]
2019-12-21 15:08:39.897  INFO zup-14 --- [           main] o.a.c.c.StandardService                  : Starting service [Tomcat]
2019-12-21 15:08:39.898  INFO zup-14 --- [           main] o.a.c.c.StandardEngine                   : Starting Servlet engine: [Apache Tomcat/9.0.29]
2019-12-21 15:08:39.985  INFO zup-14 --- [           main] o.a.c.c.C.[.[.[/]                        : Initializing Spring embedded WebApplicationContext
2019-12-21 15:08:39.986  INFO zup-14 --- [           main] o.s.w.c.ContextLoader                    : Root WebApplicationContext: initialization completed in 1214 ms
2019-12-21 15:08:40.214  INFO zup-14 --- [           main] o.s.s.c.ThreadPoolTaskExecutor           : Initializing ExecutorService 'applicationTaskExecutor'
2019-12-21 15:08:40.467  INFO zup-14 --- [           main] o.a.c.h.Http11NioProtocol                : Starting ProtocolHandler ["http-nio-8080"]
2019-12-21 15:08:40.514  INFO zup-14 --- [           main] o.s.b.w.e.t.TomcatWebServer              : Tomcat started on port(s): 8080 (http) with context path ''
2019-12-21 15:08:40.518  INFO zup-14 --- [           main] c.e.l.Log4j2DemoApplication              : Started Log4j2DemoApplication in 2.417 seconds (JVM running for 3.351)
2019-12-21 15:08:40.521  INFO zup-14 --- [           main] c.e.l.CompareValue                       : [CompareValue] - Começando a comparar os valores 1, 2
2019-12-21 15:08:40.521  WARN zup-14 --- [           main] c.e.l.CompareValue                       : [CompareValue] - Valores são diferentes
2019-12-21 15:08:42.427  INFO zup-14 --- [extShutdownHook] o.s.s.c.ThreadPoolTaskExecutor           : Shutting down ExecutorService 'applicationTaskExecutor'
2019-12-21 15:09:50.226  INFO zup-14 --- [           main] c.e.l.Log4j2DemoApplication              : Starting Log4j2DemoApplication on zup-14 with PID 11968 (/home/zupper/Documents/Metsys/log4j2-demo/target/classes started by zupper in /home/zupper/Documents/Metsys/log4j2-demo)
2019-12-21 15:09:50.232 DEBUG zup-14 --- [           main] c.e.l.Log4j2DemoApplication              : Running with Spring Boot v2.2.2.RELEASE, Spring v5.2.2.RELEASE
2019-12-21 15:09:50.233  INFO zup-14 --- [           main] c.e.l.Log4j2DemoApplication              : No active profile set, falling back to default profiles: default
2019-12-21 15:09:51.308  INFO zup-14 --- [           main] o.s.b.w.e.t.TomcatWebServer              : Tomcat initialized with port(s): 8080 (http)
2019-12-21 15:09:51.327  INFO zup-14 --- [           main] o.a.c.h.Http11NioProtocol                : Initializing ProtocolHandler ["http-nio-8080"]
2019-12-21 15:09:51.327  INFO zup-14 --- [           main] o.a.c.c.StandardService                  : Starting service [Tomcat]
2019-12-21 15:09:51.329  INFO zup-14 --- [           main] o.a.c.c.StandardEngine                   : Starting Servlet engine: [Apache Tomcat/9.0.29]
2019-12-21 15:09:51.392  INFO zup-14 --- [           main] o.a.c.c.C.[.[.[/]                        : Initializing Spring embedded WebApplicationContext
2019-12-21 15:09:51.392  INFO zup-14 --- [           main] o.s.w.c.ContextLoader                    : Root WebApplicationContext: initialization completed in 1107 ms
2019-12-21 15:09:51.581  INFO zup-14 --- [           main] o.s.s.c.ThreadPoolTaskExecutor           : Initializing ExecutorService 'applicationTaskExecutor'
2019-12-21 15:09:51.829  INFO zup-14 --- [           main] o.a.c.h.Http11NioProtocol                : Starting ProtocolHandler ["http-nio-8080"]
2019-12-21 15:09:51.858  INFO zup-14 --- [           main] o.s.b.w.e.t.TomcatWebServer              : Tomcat started on port(s): 8080 (http) with context path ''
2019-12-21 15:09:51.862  INFO zup-14 --- [           main] c.e.l.Log4j2DemoApplication              : Started Log4j2DemoApplication in 2.139 seconds (JVM running for 2.985)
2019-12-21 15:09:51.863  INFO zup-14 --- [           main] c.e.l.CompareValue                       : [CompareValue] - Começando a comparar os valores 1, 2
2019-12-21 15:09:51.864  WARN zup-14 --- [           main] c.e.l.CompareValue                       : [CompareValue] - Valores são diferentes
2019-12-21 15:11:55.170  INFO zup-14 --- [extShutdownHook] o.s.s.c.ThreadPoolTaskExecutor           : Shutting down ExecutorService 'applicationTaskExecutor'
2019-12-21 15:11:58.115  INFO zup-14 --- [           main] c.e.l.Log4j2DemoApplication              : Starting Log4j2DemoApplication on zup-14 with PID 13050 (/home/zupper/Documents/Metsys/log4j2-demo/target/classes started by zupper in /home/zupper/Documents/Metsys/log4j2-demo)
2019-12-21 15:11:58.123 DEBUG zup-14 --- [           main] c.e.l.Log4j2DemoApplication              : Running with Spring Boot v2.2.2.RELEASE, Spring v5.2.2.RELEASE
2019-12-21 15:11:58.124  INFO zup-14 --- [           main] c.e.l.Log4j2DemoApplication              : No active profile set, falling back to default profiles: default
2019-12-21 15:11:59.143  INFO zup-14 --- [           main] o.s.b.w.e.t.TomcatWebServer              : Tomcat initialized with port(s): 8080 (http)
2019-12-21 15:11:59.163  INFO zup-14 --- [           main] o.a.c.h.Http11NioProtocol                : Initializing ProtocolHandler ["http-nio-8080"]
2019-12-21 15:11:59.164  INFO zup-14 --- [           main] o.a.c.c.StandardService                  : Starting service [Tomcat]
2019-12-21 15:11:59.164  INFO zup-14 --- [           main] o.a.c.c.StandardEngine                   : Starting Servlet engine: [Apache Tomcat/9.0.29]
2019-12-21 15:11:59.247  INFO zup-14 --- [           main] o.a.c.c.C.[.[.[/]                        : Initializing Spring embedded WebApplicationContext
2019-12-21 15:11:59.248  INFO zup-14 --- [           main] o.s.w.c.ContextLoader                    : Root WebApplicationContext: initialization completed in 1073 ms
2019-12-21 15:11:59.434  INFO zup-14 --- [           main] o.s.s.c.ThreadPoolTaskExecutor           : Initializing ExecutorService 'applicationTaskExecutor'
2019-12-21 15:11:59.692  INFO zup-14 --- [           main] o.a.c.h.Http11NioProtocol                : Starting ProtocolHandler ["http-nio-8080"]
2019-12-21 15:11:59.719  INFO zup-14 --- [           main] o.s.b.w.e.t.TomcatWebServer              : Tomcat started on port(s): 8080 (http) with context path ''
2019-12-21 15:11:59.722  INFO zup-14 --- [           main] c.e.l.Log4j2DemoApplication              : Started Log4j2DemoApplication in 2.101 seconds (JVM running for 2.94)
2019-12-21 15:11:59.724  INFO zup-14 --- [           main] c.e.l.CompareValue                       : [CompareValue] - Começando a comparar os valores 1, 2
2019-12-21 15:11:59.728  WARN zup-14 --- [           main] c.e.l.CompareValue                       : [CompareValue] - Valores são diferentes
2019-12-21 15:12:57.722  INFO zup-14 --- [extShutdownHook] o.s.s.c.ThreadPoolTaskExecutor           : Shutting down ExecutorService 'applicationTaskExecutor'
2019-12-21 15:13:00.406  INFO zup-14 --- [           main] c.e.l.Log4j2DemoApplication              : Starting Log4j2DemoApplication on zup-14 with PID 13609 (/home/zupper/Documents/Metsys/log4j2-demo/target/classes started by zupper in /home/zupper/Documents/Metsys/log4j2-demo)
2019-12-21 15:13:00.413 DEBUG zup-14 --- [           main] c.e.l.Log4j2DemoApplication              : Running with Spring Boot v2.2.2.RELEASE, Spring v5.2.2.RELEASE
2019-12-21 15:13:00.414  INFO zup-14 --- [           main] c.e.l.Log4j2DemoApplication              : No active profile set, falling back to default profiles: default
2019-12-21 15:13:01.547  INFO zup-14 --- [           main] o.s.b.w.e.t.TomcatWebServer              : Tomcat initialized with port(s): 8080 (http)
2019-12-21 15:13:01.562  INFO zup-14 --- [           main] o.a.c.h.Http11NioProtocol                : Initializing ProtocolHandler ["http-nio-8080"]
2019-12-21 15:13:01.563  INFO zup-14 --- [           main] o.a.c.c.StandardService                  : Starting service [Tomcat]
2019-12-21 15:13:01.564  INFO zup-14 --- [           main] o.a.c.c.StandardEngine                   : Starting Servlet engine: [Apache Tomcat/9.0.29]
2019-12-21 15:13:01.620  INFO zup-14 --- [           main] o.a.c.c.C.[.[.[/]                        : Initializing Spring embedded WebApplicationContext
2019-12-21 15:13:01.620  INFO zup-14 --- [           main] o.s.w.c.ContextLoader                    : Root WebApplicationContext: initialization completed in 1132 ms
2019-12-21 15:13:01.777  INFO zup-14 --- [           main] o.s.s.c.ThreadPoolTaskExecutor           : Initializing ExecutorService 'applicationTaskExecutor'
2019-12-21 15:13:02.033  INFO zup-14 --- [           main] o.a.c.h.Http11NioProtocol                : Starting ProtocolHandler ["http-nio-8080"]
2019-12-21 15:13:02.056  INFO zup-14 --- [           main] o.s.b.w.e.t.TomcatWebServer              : Tomcat started on port(s): 8080 (http) with context path ''
2019-12-21 15:13:02.059  INFO zup-14 --- [           main] c.e.l.Log4j2DemoApplication              : Started Log4j2DemoApplication in 2.235 seconds (JVM running for 3.099)
2019-12-21 15:13:02.060  INFO zup-14 --- [           main] c.e.l.CompareValue                       : [CompareValue] - Começando a comparar os valores 1, 2
2019-12-21 15:13:02.061  WARN zup-14 --- [           main] c.e.l.CompareValue                       : [CompareValue] - Valores são diferentes
2019-12-21 15:13:58.937  INFO zup-14 --- [extShutdownHook] o.s.s.c.ThreadPoolTaskExecutor           : Shutting down ExecutorService 'applicationTaskExecutor'
2019-12-21 15:14:01.874  INFO zup-14 --- [           main] c.e.l.Log4j2DemoApplication              : Starting Log4j2DemoApplication on zup-14 with PID 14197 (/home/zupper/Documents/Metsys/log4j2-demo/target/classes started by zupper in /home/zupper/Documents/Metsys/log4j2-demo)
2019-12-21 15:14:01.881 DEBUG zup-14 --- [           main] c.e.l.Log4j2DemoApplication              : Running with Spring Boot v2.2.2.RELEASE, Spring v5.2.2.RELEASE
2019-12-21 15:14:01.882  INFO zup-14 --- [           main] c.e.l.Log4j2DemoApplication              : No active profile set, falling back to default profiles: default
2019-12-21 15:14:02.960  INFO zup-14 --- [           main] o.s.b.w.e.t.TomcatWebServer              : Tomcat initialized with port(s): 8080 (http)
2019-12-21 15:14:02.980  INFO zup-14 --- [           main] o.a.c.h.Http11NioProtocol                : Initializing ProtocolHandler ["http-nio-8080"]
2019-12-21 15:14:02.981  INFO zup-14 --- [           main] o.a.c.c.StandardService                  : Starting service [Tomcat]
2019-12-21 15:14:02.981  INFO zup-14 --- [           main] o.a.c.c.StandardEngine                   : Starting Servlet engine: [Apache Tomcat/9.0.29]
2019-12-21 15:14:03.065  INFO zup-14 --- [           main] o.a.c.c.C.[.[.[/]                        : Initializing Spring embedded WebApplicationContext
2019-12-21 15:14:03.066  INFO zup-14 --- [           main] o.s.w.c.ContextLoader                    : Root WebApplicationContext: initialization completed in 1135 ms
2019-12-21 15:14:03.286  INFO zup-14 --- [           main] o.s.s.c.ThreadPoolTaskExecutor           : Initializing ExecutorService 'applicationTaskExecutor'
2019-12-21 15:14:03.568  INFO zup-14 --- [           main] o.a.c.h.Http11NioProtocol                : Starting ProtocolHandler ["http-nio-8080"]
2019-12-21 15:14:03.600  INFO zup-14 --- [           main] o.s.b.w.e.t.TomcatWebServer              : Tomcat started on port(s): 8080 (http) with context path ''
2019-12-21 15:14:03.604  INFO zup-14 --- [           main] c.e.l.Log4j2DemoApplication              : Started Log4j2DemoApplication in 2.289 seconds (JVM running for 3.2)
2019-12-21 15:14:03.606  INFO zup-14 --- [           main] c.e.l.CompareValue                       : [CompareValue] - Começando a comparar os valores 1, 2
2019-12-21 15:14:03.611  WARN zup-14 --- [           main] c.e.l.CompareValue                       : [CompareValue] - Valores são diferentes
2019-12-21 15:17:10.114  INFO zup-14 --- [extShutdownHook] o.s.s.c.ThreadPoolTaskExecutor           : Shutting down ExecutorService 'applicationTaskExecutor'
2019-12-21 15:17:13.887  INFO zup-14 --- [           main] c.e.l.Log4j2DemoApplication              : Starting Log4j2DemoApplication on zup-14 with PID 16112 (/home/zupper/Documents/Metsys/log4j2-demo/target/classes started by zupper in /home/zupper/Documents/Metsys/log4j2-demo)
2019-12-21 15:17:13.898 DEBUG zup-14 --- [           main] c.e.l.Log4j2DemoApplication              : Running with Spring Boot v2.2.2.RELEASE, Spring v5.2.2.RELEASE
2019-12-21 15:17:13.899  INFO zup-14 --- [           main] c.e.l.Log4j2DemoApplication              : No active profile set, falling back to default profiles: default
2019-12-21 15:17:15.210  INFO zup-14 --- [           main] o.s.b.w.e.t.TomcatWebServer              : Tomcat initialized with port(s): 8080 (http)
2019-12-21 15:17:15.236  INFO zup-14 --- [           main] o.a.c.h.Http11NioProtocol                : Initializing ProtocolHandler ["http-nio-8080"]
2019-12-21 15:17:15.238  INFO zup-14 --- [           main] o.a.c.c.StandardService                  : Starting service [Tomcat]
2019-12-21 15:17:15.239  INFO zup-14 --- [           main] o.a.c.c.StandardEngine                   : Starting Servlet engine: [Apache Tomcat/9.0.29]
2019-12-21 15:17:15.329  INFO zup-14 --- [           main] o.a.c.c.C.[.[.[/]                        : Initializing Spring embedded WebApplicationContext
2019-12-21 15:17:15.329  INFO zup-14 --- [           main] o.s.w.c.ContextLoader                    : Root WebApplicationContext: initialization completed in 1251 ms
2019-12-21 15:17:15.561  INFO zup-14 --- [           main] o.s.s.c.ThreadPoolTaskExecutor           : Initializing ExecutorService 'applicationTaskExecutor'
2019-12-21 15:17:15.825  INFO zup-14 --- [           main] o.a.c.h.Http11NioProtocol                : Starting ProtocolHandler ["http-nio-8080"]
2019-12-21 15:17:15.862  INFO zup-14 --- [           main] o.s.b.w.e.t.TomcatWebServer              : Tomcat started on port(s): 8080 (http) with context path ''
2019-12-21 15:17:15.866  INFO zup-14 --- [           main] c.e.l.Log4j2DemoApplication              : Started Log4j2DemoApplication in 2.464 seconds (JVM running for 3.628)
2019-12-21 15:17:15.872  INFO zup-14 --- [           main] c.e.l.CompareValue                       : [CompareValue] - Começando a comparar os valores 1, 2
2019-12-21 15:17:15.872  WARN zup-14 --- [           main] c.e.l.CompareValue                       : [CompareValue] - Valores são diferentes
2019-12-21 15:17:25.509  INFO zup-14 --- [extShutdownHook] o.s.s.c.ThreadPoolTaskExecutor           : Shutting down ExecutorService 'applicationTaskExecutor'
2019-12-21 15:19:38.142  INFO zup-14 --- [           main] c.e.l.Log4j2DemoApplication              : Starting Log4j2DemoApplication on zup-14 with PID 17376 (/home/zupper/Documents/Metsys/log4j2-demo/target/classes started by zupper in /home/zupper/Documents/Metsys/log4j2-demo)
2019-12-21 15:19:38.149 DEBUG zup-14 --- [           main] c.e.l.Log4j2DemoApplication              : Running with Spring Boot v2.2.2.RELEASE, Spring v5.2.2.RELEASE
2019-12-21 15:19:38.150  INFO zup-14 --- [           main] c.e.l.Log4j2DemoApplication              : No active profile set, falling back to default profiles: default
2019-12-21 15:19:39.223  INFO zup-14 --- [           main] o.s.b.w.e.t.TomcatWebServer              : Tomcat initialized with port(s): 8080 (http)
2019-12-21 15:19:39.242  INFO zup-14 --- [           main] o.a.c.h.Http11NioProtocol                : Initializing ProtocolHandler ["http-nio-8080"]
2019-12-21 15:19:39.243  INFO zup-14 --- [           main] o.a.c.c.StandardService                  : Starting service [Tomcat]
2019-12-21 15:19:39.244  INFO zup-14 --- [           main] o.a.c.c.StandardEngine                   : Starting Servlet engine: [Apache Tomcat/9.0.29]
2019-12-21 15:19:39.309  INFO zup-14 --- [           main] o.a.c.c.C.[.[.[/]                        : Initializing Spring embedded WebApplicationContext
2019-12-21 15:19:39.309  INFO zup-14 --- [           main] o.s.w.c.ContextLoader                    : Root WebApplicationContext: initialization completed in 1105 ms
2019-12-21 15:19:39.514  INFO zup-14 --- [           main] o.s.s.c.ThreadPoolTaskExecutor           : Initializing ExecutorService 'applicationTaskExecutor'
2019-12-21 15:19:39.807  INFO zup-14 --- [           main] o.a.c.h.Http11NioProtocol                : Starting ProtocolHandler ["http-nio-8080"]
2019-12-21 15:19:39.838  INFO zup-14 --- [           main] o.s.b.w.e.t.TomcatWebServer              : Tomcat started on port(s): 8080 (http) with context path ''
2019-12-21 15:19:39.841  INFO zup-14 --- [           main] c.e.l.Log4j2DemoApplication              : Started Log4j2DemoApplication in 2.211 seconds (JVM running for 3.287)
2019-12-21 15:19:39.845  INFO zup-14 --- [           main] c.e.l.CompareValue                       : [CompareValue] - Começando a comparar os valores 1, 2
2019-12-21 15:19:39.845  WARN zup-14 --- [           main] c.e.l.CompareValue                       : [CompareValue] - Valores são diferentes
2019-12-21 15:20:31.853  INFO zup-14 --- [extShutdownHook] o.s.s.c.ThreadPoolTaskExecutor           : Shutting down ExecutorService 'applicationTaskExecutor'
2019-12-21 15:20:36.509  INFO zup-14 --- [           main] c.e.l.Log4j2DemoApplication              : Starting Log4j2DemoApplication on zup-14 with PID 18068 (/home/zupper/Documents/Metsys/log4j2-demo/target/classes started by zupper in /home/zupper/Documents/Metsys/log4j2-demo)
2019-12-21 15:20:36.515 DEBUG zup-14 --- [           main] c.e.l.Log4j2DemoApplication              : Running with Spring Boot v2.2.2.RELEASE, Spring v5.2.2.RELEASE
2019-12-21 15:20:36.515  INFO zup-14 --- [           main] c.e.l.Log4j2DemoApplication              : No active profile set, falling back to default profiles: default
2019-12-21 15:20:37.940  INFO zup-14 --- [           main] o.s.b.w.e.t.TomcatWebServer              : Tomcat initialized with port(s): 8080 (http)
2019-12-21 15:20:37.952  INFO zup-14 --- [           main] o.a.c.h.Http11NioProtocol                : Initializing ProtocolHandler ["http-nio-8080"]
2019-12-21 15:20:37.954  INFO zup-14 --- [           main] o.a.c.c.StandardService                  : Starting service [Tomcat]
2019-12-21 15:20:37.955  INFO zup-14 --- [           main] o.a.c.c.StandardEngine                   : Starting Servlet engine: [Apache Tomcat/9.0.29]
2019-12-21 15:20:38.023  INFO zup-14 --- [           main] o.a.c.c.C.[.[.[/]                        : Initializing Spring embedded WebApplicationContext
2019-12-21 15:20:38.024  INFO zup-14 --- [           main] o.s.w.c.ContextLoader                    : Root WebApplicationContext: initialization completed in 1398 ms
2019-12-21 15:20:38.235  INFO zup-14 --- [           main] o.s.s.c.ThreadPoolTaskExecutor           : Initializing ExecutorService 'applicationTaskExecutor'
2019-12-21 15:20:38.444  INFO zup-14 --- [           main] o.a.c.h.Http11NioProtocol                : Starting ProtocolHandler ["http-nio-8080"]
2019-12-21 15:20:38.469  INFO zup-14 --- [           main] o.s.b.w.e.t.TomcatWebServer              : Tomcat started on port(s): 8080 (http) with context path ''
2019-12-21 15:20:38.479  INFO zup-14 --- [           main] c.e.l.Log4j2DemoApplication              : Started Log4j2DemoApplication in 2.494 seconds (JVM running for 3.394)
2019-12-21 15:20:38.484  INFO zup-14 --- [           main] c.e.l.CompareValue                       : [CompareValue] - Começando a comparar os valores 1, 2
2019-12-21 15:20:38.485  WARN zup-14 --- [           main] c.e.l.CompareValue                       : [CompareValue] - Valores são diferentes
2019-12-21 15:39:58.229  INFO zup-14 --- [extShutdownHook] o.s.s.c.ThreadPoolTaskExecutor           : Shutting down ExecutorService 'applicationTaskExecutor'
2019-12-21 15:40:02.231  INFO zup-14 --- [           main] c.e.l.Log4j2DemoApplication              : Starting Log4j2DemoApplication on zup-14 with PID 27881 (/home/zupper/Documents/Metsys/log4j2-demo/target/classes started by zupper in /home/zupper/Documents/Metsys/log4j2-demo)
2019-12-21 15:40:02.241 DEBUG zup-14 --- [           main] c.e.l.Log4j2DemoApplication              : Running with Spring Boot v2.2.2.RELEASE, Spring v5.2.2.RELEASE
2019-12-21 15:40:02.242  INFO zup-14 --- [           main] c.e.l.Log4j2DemoApplication              : No active profile set, falling back to default profiles: default
2019-12-21 15:40:03.505  INFO zup-14 --- [           main] o.s.b.w.e.t.TomcatWebServer              : Tomcat initialized with port(s): 8080 (http)
2019-12-21 15:40:03.514  INFO zup-14 --- [           main] o.a.c.h.Http11NioProtocol                : Initializing ProtocolHandler ["http-nio-8080"]
2019-12-21 15:40:03.515  INFO zup-14 --- [           main] o.a.c.c.StandardService                  : Starting service [Tomcat]
2019-12-21 15:40:03.516  INFO zup-14 --- [           main] o.a.c.c.StandardEngine                   : Starting Servlet engine: [Apache Tomcat/9.0.29]
2019-12-21 15:40:03.581  INFO zup-14 --- [           main] o.a.c.c.C.[.[.[/]                        : Initializing Spring embedded WebApplicationContext
2019-12-21 15:40:03.581  INFO zup-14 --- [           main] o.s.w.c.ContextLoader                    : Root WebApplicationContext: initialization completed in 1288 ms
2019-12-21 15:40:03.740  INFO zup-14 --- [           main] o.s.s.c.ThreadPoolTaskExecutor           : Initializing ExecutorService 'applicationTaskExecutor'
2019-12-21 15:40:03.865  INFO zup-14 --- [           main] o.a.c.h.Http11NioProtocol                : Starting ProtocolHandler ["http-nio-8080"]
2019-12-21 15:40:03.889  INFO zup-14 --- [           main] o.s.b.w.e.t.TomcatWebServer              : Tomcat started on port(s): 8080 (http) with context path ''
2019-12-21 15:40:03.893  INFO zup-14 --- [           main] c.e.l.Log4j2DemoApplication              : Started Log4j2DemoApplication in 2.139 seconds (JVM running for 3.142)
2019-12-21 15:40:03.898  INFO zup-14 --- [           main] c.e.l.CompareValue                       : [CompareValue] - Começando a comparar os valores 1, 2
2019-12-21 15:40:03.899  WARN zup-14 --- [           main] c.e.l.CompareValue                       : [CompareValue] - Valores são diferentes
2019-12-21 15:43:03.158  INFO zup-14 --- [extShutdownHook] o.s.s.c.ThreadPoolTaskExecutor           : Shutting down ExecutorService 'applicationTaskExecutor'
2019-12-21 15:43:06.539  INFO zup-14 --- [           main] c.e.l.Log4j2DemoApplication              : Starting Log4j2DemoApplication on zup-14 with PID 29590 (/home/zupper/Documents/Metsys/log4j2-demo/target/classes started by zupper in /home/zupper/Documents/Metsys/log4j2-demo)
2019-12-21 15:43:06.545 DEBUG zup-14 --- [           main] c.e.l.Log4j2DemoApplication              : Running with Spring Boot v2.2.2.RELEASE, Spring v5.2.2.RELEASE
2019-12-21 15:43:06.546  INFO zup-14 --- [           main] c.e.l.Log4j2DemoApplication              : No active profile set, falling back to default profiles: default
2019-12-21 15:43:07.633  INFO zup-14 --- [           main] o.s.b.w.e.t.TomcatWebServer              : Tomcat initialized with port(s): 8080 (http)
2019-12-21 15:43:07.643  INFO zup-14 --- [           main] o.a.c.h.Http11NioProtocol                : Initializing ProtocolHandler ["http-nio-8080"]
2019-12-21 15:43:07.643  INFO zup-14 --- [           main] o.a.c.c.StandardService                  : Starting service [Tomcat]
2019-12-21 15:43:07.648  INFO zup-14 --- [           main] o.a.c.c.StandardEngine                   : Starting Servlet engine: [Apache Tomcat/9.0.29]
2019-12-21 15:43:07.707  INFO zup-14 --- [           main] o.a.c.c.C.[.[.[/]                        : Initializing Spring embedded WebApplicationContext
2019-12-21 15:43:07.708  INFO zup-14 --- [           main] o.s.w.c.ContextLoader                    : Root WebApplicationContext: initialization completed in 1085 ms
2019-12-21 15:43:07.848  INFO zup-14 --- [           main] o.s.s.c.ThreadPoolTaskExecutor           : Initializing ExecutorService 'applicationTaskExecutor'
2019-12-21 15:43:08.015  INFO zup-14 --- [           main] o.a.c.h.Http11NioProtocol                : Starting ProtocolHandler ["http-nio-8080"]
2019-12-21 15:43:08.037  INFO zup-14 --- [           main] o.s.b.w.e.t.TomcatWebServer              : Tomcat started on port(s): 8080 (http) with context path ''
2019-12-21 15:43:08.040  INFO zup-14 --- [           main] c.e.l.Log4j2DemoApplication              : Started Log4j2DemoApplication in 1.939 seconds (JVM running for 2.8)
2019-12-21 15:43:08.046  INFO zup-14 --- [           main] c.e.l.CompareValue                       : [CompareValue] - Começando a comparar os valores 1, 2
2019-12-21 15:43:08.046  WARN zup-14 --- [           main] c.e.l.CompareValue                       : [CompareValue] - Valores são diferentes
2019-12-21 16:33:18.190  INFO zup-14 --- [extShutdownHook] o.s.s.c.ThreadPoolTaskExecutor           : Shutting down ExecutorService 'applicationTaskExecutor'
2019-12-21 16:33:22.057  INFO zup-14 --- [           main] c.e.l.Log4j2DemoApplication              : Starting Log4j2DemoApplication on zup-14 with PID 11169 (/home/zupper/Documents/Metsys/log4j2-demo/target/classes started by zupper in /home/zupper/Documents/Metsys/log4j2-demo)
2019-12-21 16:33:22.071 DEBUG zup-14 --- [           main] c.e.l.Log4j2DemoApplication              : Running with Spring Boot v2.2.2.RELEASE, Spring v5.2.2.RELEASE
2019-12-21 16:33:22.071  INFO zup-14 --- [           main] c.e.l.Log4j2DemoApplication              : No active profile set, falling back to default profiles: default
2019-12-21 16:33:23.676  INFO zup-14 --- [           main] o.s.b.w.e.t.TomcatWebServer              : Tomcat initialized with port(s): 8080 (http)
2019-12-21 16:33:23.688  INFO zup-14 --- [           main] o.a.c.h.Http11NioProtocol                : Initializing ProtocolHandler ["http-nio-8080"]
2019-12-21 16:33:23.690  INFO zup-14 --- [           main] o.a.c.c.StandardService                  : Starting service [Tomcat]
2019-12-21 16:33:23.693  INFO zup-14 --- [           main] o.a.c.c.StandardEngine                   : Starting Servlet engine: [Apache Tomcat/9.0.29]
2019-12-21 16:33:23.781  INFO zup-14 --- [           main] o.a.c.c.C.[.[.[/]                        : Initializing Spring embedded WebApplicationContext
2019-12-21 16:33:23.782  INFO zup-14 --- [           main] o.s.w.c.ContextLoader                    : Root WebApplicationContext: initialization completed in 1649 ms
2019-12-21 16:33:24.000  INFO zup-14 --- [           main] o.s.s.c.ThreadPoolTaskExecutor           : Initializing ExecutorService 'applicationTaskExecutor'
2019-12-21 16:33:24.152  INFO zup-14 --- [           main] o.a.c.h.Http11NioProtocol                : Starting ProtocolHandler ["http-nio-8080"]
2019-12-21 16:33:24.177  INFO zup-14 --- [           main] o.s.b.w.e.t.TomcatWebServer              : Tomcat started on port(s): 8080 (http) with context path ''
2019-12-21 16:33:24.181  INFO zup-14 --- [           main] c.e.l.Log4j2DemoApplication              : Started Log4j2DemoApplication in 2.65 seconds (JVM running for 3.853)
2019-12-21 16:33:24.185  INFO zup-14 --- [           main] c.e.l.CompareValue                       : [CompareValue] - Começando a comparar os valores 1, 2
2019-12-21 16:33:24.186  WARN zup-14 --- [           main] c.e.l.CompareValue                       : [CompareValue] - Valores são diferentes
2019-12-21 16:35:02.046  INFO zup-14 --- [extShutdownHook] o.s.s.c.ThreadPoolTaskExecutor           : Shutting down ExecutorService 'applicationTaskExecutor'
2019-12-21 18:20:44.773  INFO zup-14 --- [           main] c.e.l.Log4j2DemoApplication              : Starting Log4j2DemoApplication on zup-14 with PID 27005 (/home/zupper/Documents/Metsys/log4j2-demo/target/classes started by zupper in /home/zupper/Documents/Metsys/log4j2-demo)
2019-12-21 18:20:44.788 DEBUG zup-14 --- [           main] c.e.l.Log4j2DemoApplication              : Running with Spring Boot v2.2.2.RELEASE, Spring v5.2.2.RELEASE
2019-12-21 18:20:44.789  INFO zup-14 --- [           main] c.e.l.Log4j2DemoApplication              : No active profile set, falling back to default profiles: default
2019-12-21 18:20:46.501  INFO zup-14 --- [           main] o.s.b.w.e.t.TomcatWebServer              : Tomcat initialized with port(s): 8080 (http)
2019-12-21 18:20:46.511  INFO zup-14 --- [           main] o.a.c.h.Http11NioProtocol                : Initializing ProtocolHandler ["http-nio-8080"]
2019-12-21 18:20:46.512  INFO zup-14 --- [           main] o.a.c.c.StandardService                  : Starting service [Tomcat]
2019-12-21 18:20:46.513  INFO zup-14 --- [           main] o.a.c.c.StandardEngine                   : Starting Servlet engine: [Apache Tomcat/9.0.29]
2019-12-21 18:20:46.599  INFO zup-14 --- [           main] o.a.c.c.C.[.[.[/]                        : Initializing Spring embedded WebApplicationContext
2019-12-21 18:20:46.599  INFO zup-14 --- [           main] o.s.w.c.ContextLoader                    : Root WebApplicationContext: initialization completed in 1719 ms
2019-12-21 18:20:46.844  INFO zup-14 --- [           main] o.s.s.c.ThreadPoolTaskExecutor           : Initializing ExecutorService 'applicationTaskExecutor'
2019-12-21 18:20:46.991  INFO zup-14 --- [           main] o.a.c.h.Http11NioProtocol                : Starting ProtocolHandler ["http-nio-8080"]
2019-12-21 18:20:47.029  INFO zup-14 --- [           main] o.s.b.w.e.t.TomcatWebServer              : Tomcat started on port(s): 8080 (http) with context path ''
2019-12-21 18:20:47.033  INFO zup-14 --- [           main] c.e.l.Log4j2DemoApplication              : Started Log4j2DemoApplication in 2.875 seconds (JVM running for 4.257)
2019-12-21 18:20:47.040  INFO zup-14 --- [           main] c.e.l.CompareValue                       : [CompareValue] - Começando a comparar os valores 1, 2
2019-12-21 18:20:47.040  WARN zup-14 --- [           main] c.e.l.CompareValue                       : [CompareValue] - Valores são diferentes
2019-12-21 18:20:59.158  INFO zup-14 --- [extShutdownHook] o.s.s.c.ThreadPoolTaskExecutor           : Shutting down ExecutorService 'applicationTaskExecutor'
2019-12-21 18:21:02.114  INFO zup-14 --- [           main] c.e.l.Log4j2DemoApplication              : Starting Log4j2DemoApplication on zup-14 with PID 27242 (/home/zupper/Documents/Metsys/log4j2-demo/target/classes started by zupper in /home/zupper/Documents/Metsys/log4j2-demo)
2019-12-21 18:21:02.122 DEBUG zup-14 --- [           main] c.e.l.Log4j2DemoApplication              : Running with Spring Boot v2.2.2.RELEASE, Spring v5.2.2.RELEASE
2019-12-21 18:21:02.122  INFO zup-14 --- [           main] c.e.l.Log4j2DemoApplication              : No active profile set, falling back to default profiles: default
2019-12-21 18:21:03.301  INFO zup-14 --- [           main] o.s.b.w.e.t.TomcatWebServer              : Tomcat initialized with port(s): 8080 (http)
2019-12-21 18:21:03.311  INFO zup-14 --- [           main] o.a.c.h.Http11NioProtocol                : Initializing ProtocolHandler ["http-nio-8080"]
2019-12-21 18:21:03.312  INFO zup-14 --- [           main] o.a.c.c.StandardService                  : Starting service [Tomcat]
2019-12-21 18:21:03.312  INFO zup-14 --- [           main] o.a.c.c.StandardEngine                   : Starting Servlet engine: [Apache Tomcat/9.0.29]
2019-12-21 18:21:03.381  INFO zup-14 --- [           main] o.a.c.c.C.[.[.[/]                        : Initializing Spring embedded WebApplicationContext
2019-12-21 18:21:03.381  INFO zup-14 --- [           main] o.s.w.c.ContextLoader                    : Root WebApplicationContext: initialization completed in 1207 ms
2019-12-21 18:21:03.547  INFO zup-14 --- [           main] o.s.s.c.ThreadPoolTaskExecutor           : Initializing ExecutorService 'applicationTaskExecutor'
2019-12-21 18:21:03.694  INFO zup-14 --- [           main] o.a.c.h.Http11NioProtocol                : Starting ProtocolHandler ["http-nio-8080"]
2019-12-21 18:21:03.717  INFO zup-14 --- [           main] o.s.b.w.e.t.TomcatWebServer              : Tomcat started on port(s): 8080 (http) with context path ''
2019-12-21 18:21:03.721  INFO zup-14 --- [           main] c.e.l.Log4j2DemoApplication              : Started Log4j2DemoApplication in 2.065 seconds (JVM running for 3.006)
2019-12-21 18:21:03.725  INFO zup-14 --- [           main] c.e.l.CompareValue                       : [CompareValue] - Começando a comparar os valores 1, 2
2019-12-21 18:21:03.725  WARN zup-14 --- [           main] c.e.l.CompareValue                       : [CompareValue] - Valores são diferentes
2019-12-21 18:21:12.063  INFO zup-14 --- [extShutdownHook] o.s.s.c.ThreadPoolTaskExecutor           : Shutting down ExecutorService 'applicationTaskExecutor'
2019-12-21 18:21:36.427  INFO zup-14 --- [           main] c.e.l.Log4j2DemoApplication              : Starting Log4j2DemoApplication on zup-14 with PID 27570 (/home/zupper/Documents/Metsys/log4j2-demo/target/classes started by zupper in /home/zupper/Documents/Metsys/log4j2-demo)
2019-12-21 18:21:36.433 DEBUG zup-14 --- [           main] c.e.l.Log4j2DemoApplication              : Running with Spring Boot v2.2.2.RELEASE, Spring v5.2.2.RELEASE
2019-12-21 18:21:36.434  INFO zup-14 --- [           main] c.e.l.Log4j2DemoApplication              : No active profile set, falling back to default profiles: default
2019-12-21 18:21:37.586  INFO zup-14 --- [           main] o.s.b.w.e.t.TomcatWebServer              : Tomcat initialized with port(s): 8080 (http)
2019-12-21 18:21:37.599  INFO zup-14 --- [           main] o.a.c.h.Http11NioProtocol                : Initializing ProtocolHandler ["http-nio-8080"]
2019-12-21 18:21:37.600  INFO zup-14 --- [           main] o.a.c.c.StandardService                  : Starting service [Tomcat]
2019-12-21 18:21:37.601  INFO zup-14 --- [           main] o.a.c.c.StandardEngine                   : Starting Servlet engine: [Apache Tomcat/9.0.29]
2019-12-21 18:21:37.683  INFO zup-14 --- [           main] o.a.c.c.C.[.[.[/]                        : Initializing Spring embedded WebApplicationContext
2019-12-21 18:21:37.684  INFO zup-14 --- [           main] o.s.w.c.ContextLoader                    : Root WebApplicationContext: initialization completed in 1152 ms
2019-12-21 18:21:37.831  INFO zup-14 --- [           main] o.s.s.c.ThreadPoolTaskExecutor           : Initializing ExecutorService 'applicationTaskExecutor'
2019-12-21 18:21:37.972  INFO zup-14 --- [           main] o.a.c.h.Http11NioProtocol                : Starting ProtocolHandler ["http-nio-8080"]
2019-12-21 18:21:37.995  INFO zup-14 --- [           main] o.s.b.w.e.t.TomcatWebServer              : Tomcat started on port(s): 8080 (http) with context path ''
2019-12-21 18:21:38.000  INFO zup-14 --- [           main] c.e.l.Log4j2DemoApplication              : Started Log4j2DemoApplication in 2.043 seconds (JVM running for 2.972)
2019-12-21 18:21:38.005  INFO zup-14 --- [           main] c.e.l.CompareValue                       : [CompareValue] - Começando a comparar os valores 1, 2
2019-12-21 18:21:38.005  WARN zup-14 --- [           main] c.e.l.CompareValue                       : [CompareValue] - Valores são diferentes
2019-12-21 18:22:06.677  INFO zup-14 --- [extShutdownHook] o.s.s.c.ThreadPoolTaskExecutor           : Shutting down ExecutorService 'applicationTaskExecutor'
2019-12-21 18:22:09.414  INFO zup-14 --- [           main] c.e.l.Log4j2DemoApplication              : Starting Log4j2DemoApplication on zup-14 with PID 27884 (/home/zupper/Documents/Metsys/log4j2-demo/target/classes started by zupper in /home/zupper/Documents/Metsys/log4j2-demo)
2019-12-21 18:22:09.421 DEBUG zup-14 --- [           main] c.e.l.Log4j2DemoApplication              : Running with Spring Boot v2.2.2.RELEASE, Spring v5.2.2.RELEASE
2019-12-21 18:22:09.422  INFO zup-14 --- [           main] c.e.l.Log4j2DemoApplication              : No active profile set, falling back to default profiles: default
2019-12-21 18:22:10.542  INFO zup-14 --- [           main] o.s.b.w.e.t.TomcatWebServer              : Tomcat initialized with port(s): 8080 (http)
2019-12-21 18:22:10.551  INFO zup-14 --- [           main] o.a.c.h.Http11NioProtocol                : Initializing ProtocolHandler ["http-nio-8080"]
2019-12-21 18:22:10.552  INFO zup-14 --- [           main] o.a.c.c.StandardService                  : Starting service [Tomcat]
2019-12-21 18:22:10.552  INFO zup-14 --- [           main] o.a.c.c.StandardEngine                   : Starting Servlet engine: [Apache Tomcat/9.0.29]
2019-12-21 18:22:10.621  INFO zup-14 --- [           main] o.a.c.c.C.[.[.[/]                        : Initializing Spring embedded WebApplicationContext
2019-12-21 18:22:10.622  INFO zup-14 --- [           main] o.s.w.c.ContextLoader                    : Root WebApplicationContext: initialization completed in 1145 ms
2019-12-21 18:22:10.796  INFO zup-14 --- [           main] o.s.s.c.ThreadPoolTaskExecutor           : Initializing ExecutorService 'applicationTaskExecutor'
2019-12-21 18:22:10.955  INFO zup-14 --- [           main] o.a.c.h.Http11NioProtocol                : Starting ProtocolHandler ["http-nio-8080"]
2019-12-21 18:22:10.981  INFO zup-14 --- [           main] o.s.b.w.e.t.TomcatWebServer              : Tomcat started on port(s): 8080 (http) with context path ''
2019-12-21 18:22:10.984  INFO zup-14 --- [           main] c.e.l.Log4j2DemoApplication              : Started Log4j2DemoApplication in 2.006 seconds (JVM running for 3.021)
2019-12-21 18:22:10.988  INFO zup-14 --- [           main] c.e.l.CompareValue                       : [CompareValue] - Começando a comparar os valores 1, 2
2019-12-21 18:22:10.989  WARN zup-14 --- [           main] c.e.l.CompareValue                       : [CompareValue] - Valores são diferentes
2019-12-21 18:23:00.334  INFO zup-14 --- [extShutdownHook] o.s.s.c.ThreadPoolTaskExecutor           : Shutting down ExecutorService 'applicationTaskExecutor'
2019-12-21 18:23:03.132  INFO zup-14 --- [           main] c.e.l.Log4j2DemoApplication              : Starting Log4j2DemoApplication on zup-14 with PID 28360 (/home/zupper/Documents/Metsys/log4j2-demo/target/classes started by zupper in /home/zupper/Documents/Metsys/log4j2-demo)
2019-12-21 18:23:03.140 DEBUG zup-14 --- [           main] c.e.l.Log4j2DemoApplication              : Running with Spring Boot v2.2.2.RELEASE, Spring v5.2.2.RELEASE
2019-12-21 18:23:03.141  INFO zup-14 --- [           main] c.e.l.Log4j2DemoApplication              : No active profile set, falling back to default profiles: default
2019-12-21 18:23:04.388  INFO zup-14 --- [           main] o.s.b.w.e.t.TomcatWebServer              : Tomcat initialized with port(s): 8080 (http)
2019-12-21 18:23:04.397  INFO zup-14 --- [           main] o.a.c.h.Http11NioProtocol                : Initializing ProtocolHandler ["http-nio-8080"]
2019-12-21 18:23:04.398  INFO zup-14 --- [           main] o.a.c.c.StandardService                  : Starting service [Tomcat]
2019-12-21 18:23:04.399  INFO zup-14 --- [           main] o.a.c.c.StandardEngine                   : Starting Servlet engine: [Apache Tomcat/9.0.29]
2019-12-21 18:23:04.476  INFO zup-14 --- [           main] o.a.c.c.C.[.[.[/]                        : Initializing Spring embedded WebApplicationContext
2019-12-21 18:23:04.477  INFO zup-14 --- [           main] o.s.w.c.ContextLoader                    : Root WebApplicationContext: initialization completed in 1223 ms
2019-12-21 18:23:04.642  INFO zup-14 --- [           main] o.s.s.c.ThreadPoolTaskExecutor           : Initializing ExecutorService 'applicationTaskExecutor'
2019-12-21 18:23:04.800  INFO zup-14 --- [           main] o.a.c.h.Http11NioProtocol                : Starting ProtocolHandler ["http-nio-8080"]
2019-12-21 18:23:04.824  INFO zup-14 --- [           main] o.s.b.w.e.t.TomcatWebServer              : Tomcat started on port(s): 8080 (http) with context path ''
2019-12-21 18:23:04.828  INFO zup-14 --- [           main] c.e.l.Log4j2DemoApplication              : Started Log4j2DemoApplication in 2.3 seconds (JVM running for 3.201)
2019-12-21 18:23:04.833  INFO zup-14 --- [           main] c.e.l.CompareValue                       : [CompareValue] - Começando a comparar os valores 1, 2
2019-12-21 18:23:04.833  WARN zup-14 --- [           main] c.e.l.CompareValue                       : [CompareValue] - Valores são diferentes
2019-12-21 18:25:24.843  INFO zup-14 --- [extShutdownHook] o.s.s.c.ThreadPoolTaskExecutor           : Shutting down ExecutorService 'applicationTaskExecutor'
teste: ${ctx:valorA} : Starting Log4j2DemoApplication on zup-14 with PID 29599 (/home/zupper/Documents/Metsys/log4j2-demo/target/classes started by zupper in /home/zupper/Documents/Metsys/log4j2-demo)
teste: ${ctx:valorA} : Running with Spring Boot v2.2.2.RELEASE, Spring v5.2.2.RELEASE
teste: ${ctx:valorA} : No active profile set, falling back to default profiles: default
teste: ${ctx:valorA} : Tomcat initialized with port(s): 8080 (http)
teste: ${ctx:valorA} : Initializing ProtocolHandler ["http-nio-8080"]
teste: ${ctx:valorA} : Starting service [Tomcat]
teste: ${ctx:valorA} : Starting Servlet engine: [Apache Tomcat/9.0.29]
teste: ${ctx:valorA} : Initializing Spring embedded WebApplicationContext
teste: ${ctx:valorA} : Root WebApplicationContext: initialization completed in 1139 ms
teste: ${ctx:valorA} : Initializing ExecutorService 'applicationTaskExecutor'
teste: ${ctx:valorA} : Starting ProtocolHandler ["http-nio-8080"]
teste: ${ctx:valorA} : Tomcat started on port(s): 8080 (http) with context path ''
teste: ${ctx:valorA} : Started Log4j2DemoApplication in 1.959 seconds (JVM running for 2.896)
teste: 1 : [CompareValue] - Começando a comparar os valores 1, 2
teste: 1 : [CompareValue] - Valores são diferentes
teste: ${ctx:valorA} : Shutting down ExecutorService 'applicationTaskExecutor'
teste: ${ctx:valorA} : Starting Log4j2DemoApplication on zup-14 with PID 30322 (/home/zupper/Documents/Metsys/log4j2-demo/target/classes started by zupper in /home/zupper/Documents/Metsys/log4j2-demo)
teste: ${ctx:valorA} : Running with Spring Boot v2.2.2.RELEASE, Spring v5.2.2.RELEASE
teste: ${ctx:valorA} : No active profile set, falling back to default profiles: default
teste: ${ctx:valorA} : Tomcat initialized with port(s): 8080 (http)
teste: ${ctx:valorA} : Initializing ProtocolHandler ["http-nio-8080"]
teste: ${ctx:valorA} : Starting service [Tomcat]
teste: ${ctx:valorA} : Starting Servlet engine: [Apache Tomcat/9.0.29]
teste: ${ctx:valorA} : Initializing Spring embedded WebApplicationContext
teste: ${ctx:valorA} : Root WebApplicationContext: initialization completed in 1054 ms
teste: ${ctx:valorA} : Initializing ExecutorService 'applicationTaskExecutor'
teste: ${ctx:valorA} : Starting ProtocolHandler ["http-nio-8080"]
teste: ${ctx:valorA} : Tomcat started on port(s): 8080 (http) with context path ''
teste: ${ctx:valorA} : Started Log4j2DemoApplication in 1.924 seconds (JVM running for 2.88)
teste: 1 : [CompareValue] - Começando a comparar os valores 1, 2
teste: 1 : [CompareValue] - Valores são diferentes
teste: ${ctx:valorA} : Shutting down ExecutorService 'applicationTaskExecutor'
teste: ${ctx:valorA} : Starting Log4j2DemoApplication on zup-14 with PID 31638 (/home/zupper/Documents/Metsys/log4j2-demo/target/classes started by zupper in /home/zupper/Documents/Metsys/log4j2-demo)
teste: ${ctx:valorA} : Running with Spring Boot v2.2.2.RELEASE, Spring v5.2.2.RELEASE
teste: ${ctx:valorA} : No active profile set, falling back to default profiles: default
teste: ${ctx:valorA} : Tomcat initialized with port(s): 8080 (http)
teste: ${ctx:valorA} : Initializing ProtocolHandler ["http-nio-8080"]
teste: ${ctx:valorA} : Starting service [Tomcat]
teste: ${ctx:valorA} : Starting Servlet engine: [Apache Tomcat/9.0.29]
teste: ${ctx:valorA} : Initializing Spring embedded WebApplicationContext
teste: ${ctx:valorA} : Root WebApplicationContext: initialization completed in 1255 ms
teste: ${ctx:valorA} : Initializing ExecutorService 'applicationTaskExecutor'
teste: ${ctx:valorA} : Starting ProtocolHandler ["http-nio-8080"]
teste: ${ctx:valorA} : Tomcat started on port(s): 8080 (http) with context path ''
teste: ${ctx:valorA} : Started Log4j2DemoApplication in 2.268 seconds (JVM running for 3.253)
teste: 1 : [CompareValue] - Começando a comparar os valores 1, 2
teste: 1 : [CompareValue] - Valores são diferentes
teste: ${ctx:valorA} : Shutting down ExecutorService 'applicationTaskExecutor'
teste: ${ctx:valorA} : Starting Log4j2DemoApplication on zup-14 with PID 6090 (/home/zupper/Documents/Metsys/log4j2-demo/target/classes started by zupper in /home/zupper/Documents/Metsys/log4j2-demo)
teste: ${ctx:valorA} : Running with Spring Boot v2.2.2.RELEASE, Spring v5.2.2.RELEASE
teste: ${ctx:valorA} : No active profile set, falling back to default profiles: default
teste: ${ctx:valorA} : Tomcat initialized with port(s): 8080 (http)
teste: ${ctx:valorA} : Initializing ProtocolHandler ["http-nio-8080"]
teste: ${ctx:valorA} : Starting service [Tomcat]
teste: ${ctx:valorA} : Starting Servlet engine: [Apache Tomcat/9.0.29]
teste: ${ctx:valorA} : Initializing Spring embedded WebApplicationContext
teste: ${ctx:valorA} : Root WebApplicationContext: initialization completed in 1043 ms
teste: ${ctx:valorA} : Initializing ExecutorService 'applicationTaskExecutor'
teste: ${ctx:valorA} : Starting ProtocolHandler ["http-nio-8080"]
teste: ${ctx:valorA} : Tomcat started on port(s): 8080 (http) with context path ''
teste: ${ctx:valorA} : Started Log4j2DemoApplication in 2.035 seconds (JVM running for 2.871)
teste: MDC 1 : [CompareValue] - Começando a comparar os valores 1, 2
teste: MDC 1 : [CompareValue] - Valores são diferentes
teste: ${ctx:valorA} : Shutting down ExecutorService 'applicationTaskExecutor'
teste: ${ctx:valorA} : Starting Log4j2DemoApplication on zup-14 with PID 8448 (/home/zupper/Documents/Metsys/log4j2-demo/target/classes started by zupper in /home/zupper/Documents/Metsys/log4j2-demo)
teste: ${ctx:valorA} : Running with Spring Boot v2.2.2.RELEASE, Spring v5.2.2.RELEASE
teste: ${ctx:valorA} : No active profile set, falling back to default profiles: default
teste: ${ctx:valorA} : Tomcat initialized with port(s): 8080 (http)
teste: ${ctx:valorA} : Initializing ProtocolHandler ["http-nio-8080"]
teste: ${ctx:valorA} : Starting service [Tomcat]
teste: ${ctx:valorA} : Starting Servlet engine: [Apache Tomcat/9.0.29]
teste: ${ctx:valorA} : Initializing Spring embedded WebApplicationContext
teste: ${ctx:valorA} : Root WebApplicationContext: initialization completed in 1508 ms
teste: ${ctx:valorA} : Initializing ExecutorService 'applicationTaskExecutor'
teste: ${ctx:valorA} : Starting ProtocolHandler ["http-nio-8080"]
teste: ${ctx:valorA} : Tomcat started on port(s): 8080 (http) with context path ''
teste: ${ctx:valorA} : Started Log4j2DemoApplication in 1.671 seconds (JVM running for 3.183)
teste: MDC 1 : [CompareValue] - Começando a comparar os valores 1, 2
teste: MDC 1 : [CompareValue] - Valores são diferentes
teste: ${ctx:valorA} : Shutting down ExecutorService 'applicationTaskExecutor'
teste: ${ctx:valorA} : Starting Log4j2DemoApplication on zup-14 with PID 9177 (/home/zupper/Documents/Metsys/log4j2-demo/target/classes started by zupper in /home/zupper/Documents/Metsys/log4j2-demo)
teste: ${ctx:valorA} : Running with Spring Boot v2.2.2.RELEASE, Spring v5.2.2.RELEASE
teste: ${ctx:valorA} : No active profile set, falling back to default profiles: default
teste: ${ctx:valorA} : Tomcat initialized with port(s): 8080 (http)
teste: ${ctx:valorA} : Initializing ProtocolHandler ["http-nio-8080"]
teste: ${ctx:valorA} : Starting service [Tomcat]
teste: ${ctx:valorA} : Starting Servlet engine: [Apache Tomcat/9.0.29]
teste: ${ctx:valorA} : Initializing Spring embedded WebApplicationContext
teste: ${ctx:valorA} : Root WebApplicationContext: initialization completed in 916 ms
teste: ${ctx:valorA} : Initializing ExecutorService 'applicationTaskExecutor'
teste: ${ctx:valorA} : Starting ProtocolHandler ["http-nio-8080"]
teste: ${ctx:valorA} : Tomcat started on port(s): 8080 (http) with context path ''
teste: ${ctx:valorA} : Started Log4j2DemoApplication in 1.898 seconds (JVM running for 2.695)
teste: MDC 1 : [CompareValue] - Começando a comparar os valores 1, 2
teste: MDC 1 : [CompareValue] - Valores são diferentes
teste: ${ctx:valorA} : Shutting down ExecutorService 'applicationTaskExecutor'
teste: ${ctx:valorA} : Starting Log4j2DemoApplication on zup-14 with PID 10087 (/home/zupper/Documents/Metsys/log4j2-demo/target/classes started by zupper in /home/zupper/Documents/Metsys/log4j2-demo)
teste: ${ctx:valorA} : Running with Spring Boot v2.2.2.RELEASE, Spring v5.2.2.RELEASE
teste: ${ctx:valorA} : No active profile set, falling back to default profiles: default
teste: ${ctx:valorA} : Tomcat initialized with port(s): 8080 (http)
teste: ${ctx:valorA} : Initializing ProtocolHandler ["http-nio-8080"]
teste: ${ctx:valorA} : Starting service [Tomcat]
teste: ${ctx:valorA} : Starting Servlet engine: [Apache Tomcat/9.0.29]
teste: ${ctx:valorA} : Initializing Spring embedded WebApplicationContext
teste: ${ctx:valorA} : Root WebApplicationContext: initialization completed in 978 ms
teste: ${ctx:valorA} : Initializing ExecutorService 'applicationTaskExecutor'
teste: ${ctx:valorA} : Starting ProtocolHandler ["http-nio-8080"]
teste: ${ctx:valorA} : Tomcat started on port(s): 8080 (http) with context path ''
teste: ${ctx:valorA} : Started Log4j2DemoApplication in 1.932 seconds (JVM running for 2.753)
teste: MDC 1 : [CompareValue] - Começando a comparar os valores 1, 2
teste: MDC 1 : [CompareValue] - Valores são diferentes
teste: ${ctx:valorA} : Shutting down ExecutorService 'applicationTaskExecutor'
teste: ${ctx:valorA} : Starting Log4j2DemoApplication on zup-14 with PID 10757 (/home/zupper/Documents/Metsys/log4j2-demo/target/classes started by zupper in /home/zupper/Documents/Metsys/log4j2-demo)
teste: ${ctx:valorA} : No active profile set, falling back to default profiles: default
teste: ${ctx:valorA} : Tomcat initialized with port(s): 8080 (http)
teste: ${ctx:valorA} : Initializing ProtocolHandler ["http-nio-8080"]
teste: ${ctx:valorA} : Starting service [Tomcat]
teste: ${ctx:valorA} : Starting Servlet engine: [Apache Tomcat/9.0.29]
teste: ${ctx:valorA} : Initializing Spring embedded WebApplicationContext
teste: ${ctx:valorA} : Root WebApplicationContext: initialization completed in 811 ms
teste: ${ctx:valorA} : Initializing ExecutorService 'applicationTaskExecutor'
teste: ${ctx:valorA} : Starting ProtocolHandler ["http-nio-8080"]
teste: ${ctx:valorA} : Tomcat started on port(s): 8080 (http) with context path ''
teste: ${ctx:valorA} : Started Log4j2DemoApplication in 1.613 seconds (JVM running for 3.499)
teste: MDC 1 : [CompareValue] - Começando a comparar os valores 1, 2
teste: MDC 1 : [CompareValue] - Valores são diferentes
teste: ${ctx:valorA} : Shutting down ExecutorService 'applicationTaskExecutor'
teste: ${ctx:valorA} : Starting Log4j2DemoApplication on zup-14 with PID 10980 (/home/zupper/Documents/Metsys/log4j2-demo/target/classes started by zupper in /home/zupper/Documents/Metsys/log4j2-demo)
teste: ${ctx:valorA} : No active profile set, falling back to default profiles: default
teste: ${ctx:valorA} : Tomcat initialized with port(s): 8080 (http)
teste: ${ctx:valorA} : Initializing ProtocolHandler ["http-nio-8080"]
teste: ${ctx:valorA} : Starting service [Tomcat]
teste: ${ctx:valorA} : Starting Servlet engine: [Apache Tomcat/9.0.29]
teste: ${ctx:valorA} : Initializing Spring embedded WebApplicationContext
teste: ${ctx:valorA} : Root WebApplicationContext: initialization completed in 1026 ms
teste: ${ctx:valorA} : Initializing ExecutorService 'applicationTaskExecutor'
teste: ${ctx:valorA} : Starting ProtocolHandler ["http-nio-8080"]
teste: ${ctx:valorA} : Tomcat started on port(s): 8080 (http) with context path ''
teste: ${ctx:valorA} : Started Log4j2DemoApplication in 1.959 seconds (JVM running for 2.687)
teste: MDC 1 : [CompareValue] - Começando a comparar os valores 1, 2
teste: MDC 1 : [CompareValue] - Valores são diferentes
teste: ${ctx:valorA} : Shutting down ExecutorService 'applicationTaskExecutor'
teste: ${ctx:valorA} : Starting Log4j2DemoApplication on zup-14 with PID 11395 (/home/zupper/Documents/Metsys/log4j2-demo/target/classes started by zupper in /home/zupper/Documents/Metsys/log4j2-demo)
teste: ${ctx:valorA} : No active profile set, falling back to default profiles: default
teste: ${ctx:valorA} : Tomcat initialized with port(s): 8080 (http)
teste: ${ctx:valorA} : Initializing ProtocolHandler ["http-nio-8080"]
teste: ${ctx:valorA} : Starting service [Tomcat]
teste: ${ctx:valorA} : Starting Servlet engine: [Apache Tomcat/9.0.29]
teste: ${ctx:valorA} : Initializing Spring embedded WebApplicationContext
teste: ${ctx:valorA} : Root WebApplicationContext: initialization completed in 939 ms
teste: ${ctx:valorA} : Initializing ExecutorService 'applicationTaskExecutor'
teste: ${ctx:valorA} : Starting ProtocolHandler ["http-nio-8080"]
teste: ${ctx:valorA} : Tomcat started on port(s): 8080 (http) with context path ''
teste: ${ctx:valorA} : Started Log4j2DemoApplication in 1.806 seconds (JVM running for 2.528)
teste: MDC 1 : [CompareValue] - Começando a comparar os valores 1, 2
teste: MDC 1 : [CompareValue] - Valores são diferentes
teste: ${ctx:valorA} : Shutting down ExecutorService 'applicationTaskExecutor'
teste: ${ctx:valorA} : Starting Log4j2DemoApplication on zup-14 with PID 15006 (/home/zupper/Documents/Metsys/log4j2-demo/target/classes started by zupper in /home/zupper/Documents/Metsys/log4j2-demo)
teste: ${ctx:valorA} : No active profile set, falling back to default profiles: default
teste: ${ctx:valorA} : Tomcat initialized with port(s): 8080 (http)
teste: ${ctx:valorA} : Initializing ProtocolHandler ["http-nio-8080"]
teste: ${ctx:valorA} : Starting service [Tomcat]
teste: ${ctx:valorA} : Starting Servlet engine: [Apache Tomcat/9.0.29]
teste: ${ctx:valorA} : Initializing Spring embedded WebApplicationContext
teste: ${ctx:valorA} : Root WebApplicationContext: initialization completed in 1172 ms
teste: ${ctx:valorA} : Initializing ExecutorService 'applicationTaskExecutor'
teste: ${ctx:valorA} : Starting ProtocolHandler ["http-nio-8080"]
teste: ${ctx:valorA} : Tomcat started on port(s): 8080 (http) with context path ''
teste: ${ctx:valorA} : Started Log4j2DemoApplication in 1.998 seconds (JVM running for 3.792)
teste: MDC 2 : [CompareValue] - Começando a comparar os valores 2, 2
teste: MDC 2 : [CompareValue] - Os valores são iguais
teste: ${ctx:valorA} : Shutting down ExecutorService 'applicationTaskExecutor'
teste: ${ctx:valorA} : Starting Log4j2DemoApplication on zup-14 with PID 17090 (/home/zupper/Documents/Metsys/log4j2-demo/target/classes started by zupper in /home/zupper/Documents/Metsys/log4j2-demo)
teste: ${ctx:valorA} : No active profile set, falling back to default profiles: default
teste: ${ctx:valorA} : Tomcat initialized with port(s): 8080 (http)
teste: ${ctx:valorA} : Initializing ProtocolHandler ["http-nio-8080"]
teste: ${ctx:valorA} : Starting service [Tomcat]
teste: ${ctx:valorA} : Starting Servlet engine: [Apache Tomcat/9.0.29]
teste: ${ctx:valorA} : Initializing Spring embedded WebApplicationContext
teste: ${ctx:valorA} : Root WebApplicationContext: initialization completed in 1179 ms
teste: ${ctx:valorA} : Initializing ExecutorService 'applicationTaskExecutor'
teste: ${ctx:valorA} : Starting ProtocolHandler ["http-nio-8080"]
teste: ${ctx:valorA} : Tomcat started on port(s): 8080 (http) with context path ''
teste: ${ctx:valorA} : Started Log4j2DemoApplication in 2.153 seconds (JVM running for 3.025)
teste: MDC 2 : [CompareValue] - Começando a comparar os valores 2, 2
teste: MDC 2 : [CompareValue] - Os valores são iguais
teste: ${ctx:valorA} : Shutting down ExecutorService 'applicationTaskExecutor'
2019-12-21 19:18:11.623  INFO zup-14 --- [           main] c.e.l.Log4j2DemoApplication              : Starting Log4j2DemoApplication on zup-14 with PID 25028 (/home/zupper/Documents/Metsys/log4j2-demo/target/classes started by zupper in /home/zupper/Documents/Metsys/log4j2-demo)
2019-12-21 19:18:11.686  INFO zup-14 --- [           main] c.e.l.Log4j2DemoApplication              : No active profile set, falling back to default profiles: default
2019-12-21 19:18:12.756  INFO zup-14 --- [           main] o.s.b.w.e.t.TomcatWebServer              : Tomcat initialized with port(s): 8080 (http)
2019-12-21 19:18:12.772  INFO zup-14 --- [           main] o.a.c.h.Http11NioProtocol                : Initializing ProtocolHandler ["http-nio-8080"]
2019-12-21 19:18:12.774  INFO zup-14 --- [           main] o.a.c.c.StandardService                  : Starting service [Tomcat]
2019-12-21 19:18:12.775  INFO zup-14 --- [           main] o.a.c.c.StandardEngine                   : Starting Servlet engine: [Apache Tomcat/9.0.29]
2019-12-21 19:18:12.839  INFO zup-14 --- [           main] o.a.c.c.C.[.[.[/]                        : Initializing Spring embedded WebApplicationContext
2019-12-21 19:18:12.840  INFO zup-14 --- [           main] o.s.w.c.ContextLoader                    : Root WebApplicationContext: initialization completed in 1085 ms
2019-12-21 19:18:12.986  INFO zup-14 --- [           main] o.s.s.c.ThreadPoolTaskExecutor           : Initializing ExecutorService 'applicationTaskExecutor'
2019-12-21 19:18:13.236  INFO zup-14 --- [           main] o.a.c.h.Http11NioProtocol                : Starting ProtocolHandler ["http-nio-8080"]
2019-12-21 19:18:13.258  INFO zup-14 --- [           main] o.s.b.w.e.t.TomcatWebServer              : Tomcat started on port(s): 8080 (http) with context path ''
2019-12-21 19:18:13.262  INFO zup-14 --- [           main] c.e.l.Log4j2DemoApplication              : Started Log4j2DemoApplication in 2.003 seconds (JVM running for 3.262)
2019-12-21 19:18:13.269  INFO zup-14 --- [           main] c.e.l.CompareValue                       : [CompareValue] - Começando a comparar os valores 2, 2
2019-12-21 19:18:13.270  INFO zup-14 --- [           main] c.e.l.CompareValue                       : [CompareValue] - Os valores são iguais
2019-12-21 19:20:02.024  INFO zup-14 --- [extShutdownHook] o.s.s.c.ThreadPoolTaskExecutor           : Shutting down ExecutorService 'applicationTaskExecutor'
